This file contains any messages produced by compilers while
running configure, to aid debugging if configure makes a mistake.

It was created by libressl configure 2.1.1, which was
generated by GNU Autoconf 2.69.  Invocation command line was

  $ ./configure 

## --------- ##
## Platform. ##
## --------- ##

hostname = 91
uname -m = x86_64
uname -r = 3.13.0-53-generic
uname -s = Linux
uname -v = #89-Ubuntu SMP Wed May 20 10:34:39 UTC 2015

/usr/bin/uname -p = unknown
/bin/uname -X     = unknown

/bin/arch              = unknown
/usr/bin/arch -k       = unknown
/usr/convex/getsysinfo = unknown
/usr/bin/hostinfo      = unknown
/bin/machine           = unknown
/usr/bin/oslevel       = unknown
/bin/universe          = unknown

PATH: /usr/local/sbin
PATH: /usr/local/bin
PATH: /usr/sbin
PATH: /usr/bin
PATH: /sbin
PATH: /bin
PATH: /usr/games
PATH: /usr/local/games


## ----------- ##
## Core tests. ##
## ----------- ##

configure:2273: checking build system type
configure:2287: result: x86_64-unknown-linux-gnu
configure:2307: checking host system type
configure:2320: result: x86_64-unknown-linux-gnu
configure:2356: checking for a BSD-compatible install
configure:2424: result: /usr/bin/install -c
configure:2435: checking whether build environment is sane
configure:2490: result: yes
configure:2641: checking for a thread-safe mkdir -p
configure:2680: result: /bin/mkdir -p
configure:2687: checking for gawk
configure:2703: found /usr/bin/gawk
configure:2714: result: gawk
configure:2725: checking whether make sets $(MAKE)
configure:2747: result: yes
configure:2776: checking whether make supports nested variables
configure:2793: result: yes
configure:2931: checking whether make supports nested variables
configure:2948: result: yes
configure:3035: checking for style of include used by make
configure:3063: result: GNU
configure:3134: checking for gcc
configure:3150: found /usr/bin/gcc
configure:3161: result: gcc
configure:3390: checking for C compiler version
configure:3399: gcc --version >&5
gcc (Ubuntu 4.8.4-2ubuntu1~14.04) 4.8.4
Copyright (C) 2013 Free Software Foundation, Inc.
This is free software; see the source for copying conditions.  There is NO
warranty; not even for MERCHANTABILITY or FITNESS FOR A PARTICULAR PURPOSE.

configure:3410: $? = 0
configure:3399: gcc -v >&5
Using built-in specs.
COLLECT_GCC=gcc
COLLECT_LTO_WRAPPER=/usr/lib/gcc/x86_64-linux-gnu/4.8/lto-wrapper
Target: x86_64-linux-gnu
Configured with: ../src/configure -v --with-pkgversion='Ubuntu 4.8.4-2ubuntu1~14.04' --with-bugurl=file:///usr/share/doc/gcc-4.8/README.Bugs --enable-languages=c,c++,java,go,d,fortran,objc,obj-c++ --prefix=/usr --program-suffix=-4.8 --enable-shared --enable-linker-build-id --libexecdir=/usr/lib --without-included-gettext --enable-threads=posix --with-gxx-include-dir=/usr/include/c++/4.8 --libdir=/usr/lib --enable-nls --with-sysroot=/ --enable-clocale=gnu --enable-libstdcxx-debug --enable-libstdcxx-time=yes --enable-gnu-unique-object --disable-libmudflap --enable-plugin --with-system-zlib --disable-browser-plugin --enable-java-awt=gtk --enable-gtk-cairo --with-java-home=/usr/lib/jvm/java-1.5.0-gcj-4.8-amd64/jre --enable-java-home --with-jvm-root-dir=/usr/lib/jvm/java-1.5.0-gcj-4.8-amd64 --with-jvm-jar-dir=/usr/lib/jvm-exports/java-1.5.0-gcj-4.8-amd64 --with-arch-directory=amd64 --with-ecj-jar=/usr/share/java/eclipse-ecj.jar --enable-objc-gc --enable-multiarch --disable-werror --with-arch-32=i686 --with-abi=m64 --with-multilib-list=m32,m64,mx32 --with-tune=generic --enable-checking=release --build=x86_64-linux-gnu --host=x86_64-linux-gnu --target=x86_64-linux-gnu
Thread model: posix
gcc version 4.8.4 (Ubuntu 4.8.4-2ubuntu1~14.04) 
configure:3410: $? = 0
configure:3399: gcc -V >&5
gcc: error: unrecognized command line option '-V'
gcc: fatal error: no input files
compilation terminated.
configure:3410: $? = 4
configure:3399: gcc -qversion >&5
gcc: error: unrecognized command line option '-qversion'
gcc: fatal error: no input files
compilation terminated.
configure:3410: $? = 4
configure:3430: checking whether the C compiler works
configure:3452: gcc  -Wall -std=gnu99 -g -D_DEFAULT_SOURCE -D_BSD_SOURCE -D_POSIX_SOURCE -D_GNU_SOURCE   conftest.c  >&5
configure:3456: $? = 0
configure:3504: result: yes
configure:3507: checking for C compiler default output file name
configure:3509: result: a.out
configure:3515: checking for suffix of executables
configure:3522: gcc -o conftest  -Wall -std=gnu99 -g -D_DEFAULT_SOURCE -D_BSD_SOURCE -D_POSIX_SOURCE -D_GNU_SOURCE   conftest.c  >&5
configure:3526: $? = 0
configure:3548: result: 
configure:3570: checking whether we are cross compiling
configure:3578: gcc -o conftest  -Wall -std=gnu99 -g -D_DEFAULT_SOURCE -D_BSD_SOURCE -D_POSIX_SOURCE -D_GNU_SOURCE   conftest.c  >&5
configure:3582: $? = 0
configure:3589: ./conftest
configure:3593: $? = 0
configure:3608: result: no
configure:3613: checking for suffix of object files
configure:3635: gcc -c  -Wall -std=gnu99 -g -D_DEFAULT_SOURCE -D_BSD_SOURCE -D_POSIX_SOURCE -D_GNU_SOURCE  conftest.c >&5
configure:3639: $? = 0
configure:3660: result: o
configure:3664: checking whether we are using the GNU C compiler
configure:3683: gcc -c  -Wall -std=gnu99 -g -D_DEFAULT_SOURCE -D_BSD_SOURCE -D_POSIX_SOURCE -D_GNU_SOURCE  conftest.c >&5
configure:3683: $? = 0
configure:3692: result: yes
configure:3701: checking whether gcc accepts -g
configure:3721: gcc -c -g  conftest.c >&5
configure:3721: $? = 0
configure:3762: result: yes
configure:3779: checking for gcc option to accept ISO C89
configure:3842: gcc  -c  -Wall -std=gnu99 -g -D_DEFAULT_SOURCE -D_BSD_SOURCE -D_POSIX_SOURCE -D_GNU_SOURCE  conftest.c >&5
configure:3842: $? = 0
configure:3855: result: none needed
configure:3880: checking whether gcc understands -c and -o together
configure:3902: gcc -c conftest.c -o conftest2.o
configure:3905: $? = 0
configure:3902: gcc -c conftest.c -o conftest2.o
configure:3905: $? = 0
configure:3917: result: yes
configure:3936: checking dependency style of gcc
configure:4047: result: gcc3
configure:4063: checking for clock_gettime
configure:4063: gcc -o conftest  -Wall -std=gnu99 -g -D_DEFAULT_SOURCE -D_BSD_SOURCE -D_POSIX_SOURCE -D_GNU_SOURCE   conftest.c  >&5
configure:4063: $? = 0
configure:4063: result: yes
configure:4126: checking for dl_iterate_phdr
configure:4126: gcc -o conftest  -Wall -std=gnu99 -g -D_DEFAULT_SOURCE -D_BSD_SOURCE -D_POSIX_SOURCE -D_GNU_SOURCE   conftest.c  >&5
configure:4126: $? = 0
configure:4126: result: yes
configure:4237: checking for gcc
configure:4264: result: gcc
configure:4493: checking for C compiler version
configure:4502: gcc --version >&5
gcc (Ubuntu 4.8.4-2ubuntu1~14.04) 4.8.4
Copyright (C) 2013 Free Software Foundation, Inc.
This is free software; see the source for copying conditions.  There is NO
warranty; not even for MERCHANTABILITY or FITNESS FOR A PARTICULAR PURPOSE.

configure:4513: $? = 0
configure:4502: gcc -v >&5
Using built-in specs.
COLLECT_GCC=gcc
COLLECT_LTO_WRAPPER=/usr/lib/gcc/x86_64-linux-gnu/4.8/lto-wrapper
Target: x86_64-linux-gnu
Configured with: ../src/configure -v --with-pkgversion='Ubuntu 4.8.4-2ubuntu1~14.04' --with-bugurl=file:///usr/share/doc/gcc-4.8/README.Bugs --enable-languages=c,c++,java,go,d,fortran,objc,obj-c++ --prefix=/usr --program-suffix=-4.8 --enable-shared --enable-linker-build-id --libexecdir=/usr/lib --without-included-gettext --enable-threads=posix --with-gxx-include-dir=/usr/include/c++/4.8 --libdir=/usr/lib --enable-nls --with-sysroot=/ --enable-clocale=gnu --enable-libstdcxx-debug --enable-libstdcxx-time=yes --enable-gnu-unique-object --disable-libmudflap --enable-plugin --with-system-zlib --disable-browser-plugin --enable-java-awt=gtk --enable-gtk-cairo --with-java-home=/usr/lib/jvm/java-1.5.0-gcj-4.8-amd64/jre --enable-java-home --with-jvm-root-dir=/usr/lib/jvm/java-1.5.0-gcj-4.8-amd64 --with-jvm-jar-dir=/usr/lib/jvm-exports/java-1.5.0-gcj-4.8-amd64 --with-arch-directory=amd64 --with-ecj-jar=/usr/share/java/eclipse-ecj.jar --enable-objc-gc --enable-multiarch --disable-werror --with-arch-32=i686 --with-abi=m64 --with-multilib-list=m32,m64,mx32 --with-tune=generic --enable-checking=release --build=x86_64-linux-gnu --host=x86_64-linux-gnu --target=x86_64-linux-gnu
Thread model: posix
gcc version 4.8.4 (Ubuntu 4.8.4-2ubuntu1~14.04) 
configure:4513: $? = 0
configure:4502: gcc -V >&5
gcc: error: unrecognized command line option '-V'
gcc: fatal error: no input files
compilation terminated.
configure:4513: $? = 4
configure:4502: gcc -qversion >&5
gcc: error: unrecognized command line option '-qversion'
gcc: fatal error: no input files
compilation terminated.
configure:4513: $? = 4
configure:4517: checking whether we are using the GNU C compiler
configure:4545: result: yes
configure:4554: checking whether gcc accepts -g
configure:4615: result: yes
configure:4632: checking for gcc option to accept ISO C89
configure:4708: result: none needed
configure:4733: checking whether gcc understands -c and -o together
configure:4770: result: yes
configure:4789: checking dependency style of gcc
configure:4900: result: gcc3
configure:4961: checking how to print strings
configure:4988: result: printf
configure:5009: checking for a sed that does not truncate output
configure:5073: result: /bin/sed
configure:5091: checking for grep that handles long lines and -e
configure:5149: result: /bin/grep
configure:5154: checking for egrep
configure:5216: result: /bin/grep -E
configure:5221: checking for fgrep
configure:5283: result: /bin/grep -F
configure:5318: checking for ld used by gcc
configure:5385: result: /usr/bin/ld
configure:5392: checking if the linker (/usr/bin/ld) is GNU ld
configure:5407: result: yes
configure:5419: checking for BSD- or MS-compatible name lister (nm)
configure:5468: result: /usr/bin/nm -B
configure:5598: checking the name lister (/usr/bin/nm -B) interface
configure:5605: gcc -c  -Wall -std=gnu99 -g -D_DEFAULT_SOURCE -D_BSD_SOURCE -D_POSIX_SOURCE -D_GNU_SOURCE  conftest.c >&5
configure:5608: /usr/bin/nm -B "conftest.o"
configure:5611: output
0000000000000000 B some_variable
configure:5618: result: BSD nm
configure:5621: checking whether ln -s works
configure:5625: result: yes
configure:5633: checking the maximum length of command line arguments
configure:5763: result: 1572864
configure:5780: checking whether the shell understands some XSI constructs
configure:5790: result: yes
configure:5794: checking whether the shell understands "+="
configure:5800: result: yes
configure:5835: checking how to convert x86_64-unknown-linux-gnu file names to x86_64-unknown-linux-gnu format
configure:5875: result: func_convert_file_noop
configure:5882: checking how to convert x86_64-unknown-linux-gnu file names to toolchain format
configure:5902: result: func_convert_file_noop
configure:5909: checking for /usr/bin/ld option to reload object files
configure:5916: result: -r
configure:5990: checking for objdump
configure:6006: found /usr/bin/objdump
configure:6017: result: objdump
configure:6049: checking how to recognize dependent libraries
configure:6251: result: pass_all
configure:6336: checking for dlltool
configure:6366: result: no
configure:6396: checking how to associate runtime and link libraries
configure:6423: result: printf %s\n
configure:6483: checking for ar
configure:6499: found /usr/bin/ar
configure:6510: result: ar
configure:6547: checking for archiver @FILE support
configure:6564: gcc -c  -Wall -std=gnu99 -g -D_DEFAULT_SOURCE -D_BSD_SOURCE -D_POSIX_SOURCE -D_GNU_SOURCE  conftest.c >&5
configure:6564: $? = 0
configure:6567: ar cru libconftest.a @conftest.lst >&5
configure:6570: $? = 0
configure:6575: ar cru libconftest.a @conftest.lst >&5
ar: conftest.o: No such file or directory
configure:6578: $? = 1
configure:6590: result: @
configure:6648: checking for strip
configure:6664: found /usr/bin/strip
configure:6675: result: strip
configure:6747: checking for ranlib
configure:6763: found /usr/bin/ranlib
configure:6774: result: ranlib
configure:6876: checking command to parse /usr/bin/nm -B output from gcc object
configure:6996: gcc -c  -Wall -std=gnu99 -g -D_DEFAULT_SOURCE -D_BSD_SOURCE -D_POSIX_SOURCE -D_GNU_SOURCE  conftest.c >&5
configure:6999: $? = 0
configure:7003: /usr/bin/nm -B conftest.o \| sed -n -e 's/^.*[ ]\([ABCDGIRSTW][ABCDGIRSTW]*\)[ ][ ]*\([_A-Za-z][_A-Za-z0-9]*\)$/\1 \2 \2/p' | sed '/ __gnu_lto/d' \> conftest.nm
configure:7006: $? = 0
configure:7072: gcc -o conftest  -Wall -std=gnu99 -g -D_DEFAULT_SOURCE -D_BSD_SOURCE -D_POSIX_SOURCE -D_GNU_SOURCE   conftest.c conftstm.o >&5
configure:7075: $? = 0
configure:7113: result: ok
configure:7150: checking for sysroot
configure:7180: result: no
configure:7257: gcc -c  -Wall -std=gnu99 -g -D_DEFAULT_SOURCE -D_BSD_SOURCE -D_POSIX_SOURCE -D_GNU_SOURCE  conftest.c >&5
configure:7260: $? = 0
configure:7436: checking for mt
configure:7452: found /bin/mt
configure:7463: result: mt
configure:7486: checking if mt is a manifest tool
configure:7492: mt '-?'
configure:7500: result: no
configure:8142: checking how to run the C preprocessor
configure:8173: gcc -E  conftest.c
configure:8173: $? = 0
configure:8187: gcc -E  conftest.c
conftest.c:11:28: fatal error: ac_nonexistent.h: No such file or directory
 #include <ac_nonexistent.h>
                            ^
compilation terminated.
configure:8187: $? = 1
configure: failed program was:
| /* confdefs.h */
| #define PACKAGE_NAME "libressl"
| #define PACKAGE_TARNAME "libressl"
| #define PACKAGE_VERSION "2.1.1"
| #define PACKAGE_STRING "libressl 2.1.1"
| #define PACKAGE_BUGREPORT ""
| #define PACKAGE_URL ""
| #define PACKAGE "libressl"
| #define VERSION "2.1.1"
| /* end confdefs.h.  */
| #include <ac_nonexistent.h>
configure:8212: result: gcc -E
configure:8232: gcc -E  conftest.c
configure:8232: $? = 0
configure:8246: gcc -E  conftest.c
conftest.c:11:28: fatal error: ac_nonexistent.h: No such file or directory
 #include <ac_nonexistent.h>
                            ^
compilation terminated.
configure:8246: $? = 1
configure: failed program was:
| /* confdefs.h */
| #define PACKAGE_NAME "libressl"
| #define PACKAGE_TARNAME "libressl"
| #define PACKAGE_VERSION "2.1.1"
| #define PACKAGE_STRING "libressl 2.1.1"
| #define PACKAGE_BUGREPORT ""
| #define PACKAGE_URL ""
| #define PACKAGE "libressl"
| #define VERSION "2.1.1"
| /* end confdefs.h.  */
| #include <ac_nonexistent.h>
configure:8275: checking for ANSI C header files
configure:8295: gcc -c  -Wall -std=gnu99 -g -D_DEFAULT_SOURCE -D_BSD_SOURCE -D_POSIX_SOURCE -D_GNU_SOURCE  conftest.c >&5
configure:8295: $? = 0
configure:8368: gcc -o conftest  -Wall -std=gnu99 -g -D_DEFAULT_SOURCE -D_BSD_SOURCE -D_POSIX_SOURCE -D_GNU_SOURCE   conftest.c  >&5
configure:8368: $? = 0
configure:8368: ./conftest
configure:8368: $? = 0
configure:8379: result: yes
configure:8392: checking for sys/types.h
configure:8392: gcc -c  -Wall -std=gnu99 -g -D_DEFAULT_SOURCE -D_BSD_SOURCE -D_POSIX_SOURCE -D_GNU_SOURCE  conftest.c >&5
configure:8392: $? = 0
configure:8392: result: yes
configure:8392: checking for sys/stat.h
configure:8392: gcc -c  -Wall -std=gnu99 -g -D_DEFAULT_SOURCE -D_BSD_SOURCE -D_POSIX_SOURCE -D_GNU_SOURCE  conftest.c >&5
configure:8392: $? = 0
configure:8392: result: yes
configure:8392: checking for stdlib.h
configure:8392: gcc -c  -Wall -std=gnu99 -g -D_DEFAULT_SOURCE -D_BSD_SOURCE -D_POSIX_SOURCE -D_GNU_SOURCE  conftest.c >&5
configure:8392: $? = 0
configure:8392: result: yes
configure:8392: checking for string.h
configure:8392: gcc -c  -Wall -std=gnu99 -g -D_DEFAULT_SOURCE -D_BSD_SOURCE -D_POSIX_SOURCE -D_GNU_SOURCE  conftest.c >&5
configure:8392: $? = 0
configure:8392: result: yes
configure:8392: checking for memory.h
configure:8392: gcc -c  -Wall -std=gnu99 -g -D_DEFAULT_SOURCE -D_BSD_SOURCE -D_POSIX_SOURCE -D_GNU_SOURCE  conftest.c >&5
configure:8392: $? = 0
configure:8392: result: yes
configure:8392: checking for strings.h
configure:8392: gcc -c  -Wall -std=gnu99 -g -D_DEFAULT_SOURCE -D_BSD_SOURCE -D_POSIX_SOURCE -D_GNU_SOURCE  conftest.c >&5
configure:8392: $? = 0
configure:8392: result: yes
configure:8392: checking for inttypes.h
configure:8392: gcc -c  -Wall -std=gnu99 -g -D_DEFAULT_SOURCE -D_BSD_SOURCE -D_POSIX_SOURCE -D_GNU_SOURCE  conftest.c >&5
configure:8392: $? = 0
configure:8392: result: yes
configure:8392: checking for stdint.h
configure:8392: gcc -c  -Wall -std=gnu99 -g -D_DEFAULT_SOURCE -D_BSD_SOURCE -D_POSIX_SOURCE -D_GNU_SOURCE  conftest.c >&5
configure:8392: $? = 0
configure:8392: result: yes
configure:8392: checking for unistd.h
configure:8392: gcc -c  -Wall -std=gnu99 -g -D_DEFAULT_SOURCE -D_BSD_SOURCE -D_POSIX_SOURCE -D_GNU_SOURCE  conftest.c >&5
configure:8392: $? = 0
configure:8392: result: yes
configure:8406: checking for dlfcn.h
configure:8406: gcc -c  -Wall -std=gnu99 -g -D_DEFAULT_SOURCE -D_BSD_SOURCE -D_POSIX_SOURCE -D_GNU_SOURCE  conftest.c >&5
configure:8406: $? = 0
configure:8406: result: yes
configure:8612: checking for objdir
configure:8627: result: .libs
configure:8898: checking if gcc supports -fno-rtti -fno-exceptions
configure:8916: gcc -c  -Wall -std=gnu99 -g -D_DEFAULT_SOURCE -D_BSD_SOURCE -D_POSIX_SOURCE -D_GNU_SOURCE  -fno-rtti -fno-exceptions conftest.c >&5
cc1: warning: command line option '-fno-rtti' is valid for C++/ObjC++ but not for C [enabled by default]
configure:8920: $? = 0
configure:8933: result: no
configure:9260: checking for gcc option to produce PIC
configure:9267: result: -fPIC -DPIC
configure:9275: checking if gcc PIC flag -fPIC -DPIC works
configure:9293: gcc -c  -Wall -std=gnu99 -g -D_DEFAULT_SOURCE -D_BSD_SOURCE -D_POSIX_SOURCE -D_GNU_SOURCE  -fPIC -DPIC -DPIC conftest.c >&5
configure:9297: $? = 0
configure:9310: result: yes
configure:9339: checking if gcc static flag -static works
configure:9367: result: yes
configure:9382: checking if gcc supports -c -o file.o
configure:9403: gcc -c  -Wall -std=gnu99 -g -D_DEFAULT_SOURCE -D_BSD_SOURCE -D_POSIX_SOURCE -D_GNU_SOURCE  -o out/conftest2.o conftest.c >&5
configure:9407: $? = 0
configure:9429: result: yes
configure:9437: checking if gcc supports -c -o file.o
configure:9484: result: yes
configure:9517: checking whether the gcc linker (/usr/bin/ld -m elf_x86_64) supports shared libraries
configure:10670: result: yes
configure:10707: checking whether -lc should be explicitly linked in
configure:10715: gcc -c  -Wall -std=gnu99 -g -D_DEFAULT_SOURCE -D_BSD_SOURCE -D_POSIX_SOURCE -D_GNU_SOURCE  conftest.c >&5
configure:10718: $? = 0
configure:10733: gcc -shared  -fPIC -DPIC conftest.o  -v -Wl,-soname -Wl,conftest -o conftest 2\>\&1 \| /bin/grep  -lc  \>/dev/null 2\>\&1
configure:10736: $? = 0
configure:10750: result: no
configure:10910: checking dynamic linker characteristics
configure:11421: gcc -o conftest  -Wall -std=gnu99 -g -D_DEFAULT_SOURCE -D_BSD_SOURCE -D_POSIX_SOURCE -D_GNU_SOURCE   -Wl,-rpath -Wl,/foo conftest.c  >&5
configure:11421: $? = 0
configure:11643: result: GNU/Linux ld.so
configure:11750: checking how to hardcode library paths into programs
configure:11775: result: immediate
configure:12315: checking whether stripping libraries is possible
configure:12320: result: yes
configure:12355: checking if libtool supports shared libraries
configure:12357: result: yes
configure:12360: checking whether to build shared libraries
configure:12381: result: yes
configure:12384: checking whether to build static libraries
configure:12388: result: yes
configure:12429: checking for gcc option to accept ISO C99
configure:12578: gcc  -c  -Wall -std=gnu99 -g -D_DEFAULT_SOURCE -D_BSD_SOURCE -D_POSIX_SOURCE -D_GNU_SOURCE  conftest.c >&5
conftest.c: In function 'test_varargs':
conftest.c:94:9: warning: variable 'fnumber' set but not used [-Wunused-but-set-variable]
   float fnumber;
         ^
conftest.c:93:7: warning: variable 'number' set but not used [-Wunused-but-set-variable]
   int number;
       ^
conftest.c:92:15: warning: variable 'str' set but not used [-Wunused-but-set-variable]
   const char *str;
               ^
configure:12578: $? = 0
configure:12591: result: none needed
configure:12699: checking for gcc option to accept ISO Standard C
configure:12710: result: none needed
configure:12721: checking whether CC supports -Wno-pointer-sign
configure:12734: gcc -c -Wno-pointer-sign  conftest.c >&5
configure:12734: $? = 0
configure:12735: result: yes
configure:12746: checking for strlcpy
configure:12746: gcc -o conftest  -Wall -std=gnu99 -g -D_DEFAULT_SOURCE -D_BSD_SOURCE -D_POSIX_SOURCE -D_GNU_SOURCE -Wno-pointer-sign   conftest.c  >&5
/tmp/ccDxlOi5.o: In function `main':
/home/tibo/Travail/M2_SAFE/crypto/git_libressl/conftest.c:57: undefined reference to `strlcpy'
collect2: error: ld returned 1 exit status
configure:12746: $? = 1
configure: failed program was:
| /* confdefs.h */
| #define PACKAGE_NAME "libressl"
| #define PACKAGE_TARNAME "libressl"
| #define PACKAGE_VERSION "2.1.1"
| #define PACKAGE_STRING "libressl 2.1.1"
| #define PACKAGE_BUGREPORT ""
| #define PACKAGE_URL ""
| #define PACKAGE "libressl"
| #define VERSION "2.1.1"
| #define STDC_HEADERS 1
| #define HAVE_SYS_TYPES_H 1
| #define HAVE_SYS_STAT_H 1
| #define HAVE_STDLIB_H 1
| #define HAVE_STRING_H 1
| #define HAVE_MEMORY_H 1
| #define HAVE_STRINGS_H 1
| #define HAVE_INTTYPES_H 1
| #define HAVE_STDINT_H 1
| #define HAVE_UNISTD_H 1
| #define HAVE_DLFCN_H 1
| #define LT_OBJDIR ".libs/"
| /* end confdefs.h.  */
| /* Define strlcpy to an innocuous variant, in case <limits.h> declares strlcpy.
|    For example, HP-UX 11i <limits.h> declares gettimeofday.  */
| #define strlcpy innocuous_strlcpy
| 
| /* System header to define __stub macros and hopefully few prototypes,
|     which can conflict with char strlcpy (); below.
|     Prefer <limits.h> to <assert.h> if __STDC__ is defined, since
|     <limits.h> exists even on freestanding compilers.  */
| 
| #ifdef __STDC__
| # include <limits.h>
| #else
| # include <assert.h>
| #endif
| 
| #undef strlcpy
| 
| /* Override any GCC internal prototype to avoid an error.
|    Use char because int might match the return type of a GCC
|    builtin and then its argument prototype would still apply.  */
| #ifdef __cplusplus
| extern "C"
| #endif
| char strlcpy ();
| /* The GNU C library defines this for functions which it implements
|     to always fail with ENOSYS.  Some functions are actually named
|     something starting with __ and the normal name is an alias.  */
| #if defined __stub_strlcpy || defined __stub___strlcpy
| choke me
| #endif
| 
| int
| main ()
| {
| return strlcpy ();
|   ;
|   return 0;
| }
configure:12746: result: no
configure:12770: checking for strlcat
configure:12770: gcc -o conftest  -Wall -std=gnu99 -g -D_DEFAULT_SOURCE -D_BSD_SOURCE -D_POSIX_SOURCE -D_GNU_SOURCE -Wno-pointer-sign   conftest.c  >&5
/tmp/cc6PxOv8.o: In function `main':
/home/tibo/Travail/M2_SAFE/crypto/git_libressl/conftest.c:58: undefined reference to `strlcat'
collect2: error: ld returned 1 exit status
configure:12770: $? = 1
configure: failed program was:
| /* confdefs.h */
| #define PACKAGE_NAME "libressl"
| #define PACKAGE_TARNAME "libressl"
| #define PACKAGE_VERSION "2.1.1"
| #define PACKAGE_STRING "libressl 2.1.1"
| #define PACKAGE_BUGREPORT ""
| #define PACKAGE_URL ""
| #define PACKAGE "libressl"
| #define VERSION "2.1.1"
| #define STDC_HEADERS 1
| #define HAVE_SYS_TYPES_H 1
| #define HAVE_SYS_STAT_H 1
| #define HAVE_STDLIB_H 1
| #define HAVE_STRING_H 1
| #define HAVE_MEMORY_H 1
| #define HAVE_STRINGS_H 1
| #define HAVE_INTTYPES_H 1
| #define HAVE_STDINT_H 1
| #define HAVE_UNISTD_H 1
| #define HAVE_DLFCN_H 1
| #define LT_OBJDIR ".libs/"
| #define NO_STRLCPY 1
| /* end confdefs.h.  */
| /* Define strlcat to an innocuous variant, in case <limits.h> declares strlcat.
|    For example, HP-UX 11i <limits.h> declares gettimeofday.  */
| #define strlcat innocuous_strlcat
| 
| /* System header to define __stub macros and hopefully few prototypes,
|     which can conflict with char strlcat (); below.
|     Prefer <limits.h> to <assert.h> if __STDC__ is defined, since
|     <limits.h> exists even on freestanding compilers.  */
| 
| #ifdef __STDC__
| # include <limits.h>
| #else
| # include <assert.h>
| #endif
| 
| #undef strlcat
| 
| /* Override any GCC internal prototype to avoid an error.
|    Use char because int might match the return type of a GCC
|    builtin and then its argument prototype would still apply.  */
| #ifdef __cplusplus
| extern "C"
| #endif
| char strlcat ();
| /* The GNU C library defines this for functions which it implements
|     to always fail with ENOSYS.  Some functions are actually named
|     something starting with __ and the normal name is an alias.  */
| #if defined __stub_strlcat || defined __stub___strlcat
| choke me
| #endif
| 
| int
| main ()
| {
| return strlcat ();
|   ;
|   return 0;
| }
configure:12770: result: no
configure:12794: checking for strndup
configure:12794: gcc -o conftest  -Wall -std=gnu99 -g -D_DEFAULT_SOURCE -D_BSD_SOURCE -D_POSIX_SOURCE -D_GNU_SOURCE -Wno-pointer-sign   conftest.c  >&5
conftest.c:48:6: warning: conflicting types for built-in function 'strndup' [enabled by default]
 char strndup ();
      ^
configure:12794: $? = 0
configure:12794: result: yes
configure:12818: checking for strnlen
configure:12818: gcc -o conftest  -Wall -std=gnu99 -g -D_DEFAULT_SOURCE -D_BSD_SOURCE -D_POSIX_SOURCE -D_GNU_SOURCE -Wno-pointer-sign   conftest.c  >&5
configure:12818: $? = 0
configure:12818: result: yes
configure:12842: checking for asprintf
configure:12842: gcc -o conftest  -Wall -std=gnu99 -g -D_DEFAULT_SOURCE -D_BSD_SOURCE -D_POSIX_SOURCE -D_GNU_SOURCE -Wno-pointer-sign   conftest.c  >&5
configure:12842: $? = 0
configure:12842: result: yes
configure:12866: checking for reallocarray
configure:12866: gcc -o conftest  -Wall -std=gnu99 -g -D_DEFAULT_SOURCE -D_BSD_SOURCE -D_POSIX_SOURCE -D_GNU_SOURCE -Wno-pointer-sign   conftest.c  >&5
/tmp/ccgIhidk.o: In function `main':
/home/tibo/Travail/M2_SAFE/crypto/git_libressl/conftest.c:59: undefined reference to `reallocarray'
collect2: error: ld returned 1 exit status
configure:12866: $? = 1
configure: failed program was:
| /* confdefs.h */
| #define PACKAGE_NAME "libressl"
| #define PACKAGE_TARNAME "libressl"
| #define PACKAGE_VERSION "2.1.1"
| #define PACKAGE_STRING "libressl 2.1.1"
| #define PACKAGE_BUGREPORT ""
| #define PACKAGE_URL ""
| #define PACKAGE "libressl"
| #define VERSION "2.1.1"
| #define STDC_HEADERS 1
| #define HAVE_SYS_TYPES_H 1
| #define HAVE_SYS_STAT_H 1
| #define HAVE_STDLIB_H 1
| #define HAVE_STRING_H 1
| #define HAVE_MEMORY_H 1
| #define HAVE_STRINGS_H 1
| #define HAVE_INTTYPES_H 1
| #define HAVE_STDINT_H 1
| #define HAVE_UNISTD_H 1
| #define HAVE_DLFCN_H 1
| #define LT_OBJDIR ".libs/"
| #define NO_STRLCPY 1
| #define NO_STRLCAT 1
| /* end confdefs.h.  */
| /* Define reallocarray to an innocuous variant, in case <limits.h> declares reallocarray.
|    For example, HP-UX 11i <limits.h> declares gettimeofday.  */
| #define reallocarray innocuous_reallocarray
| 
| /* System header to define __stub macros and hopefully few prototypes,
|     which can conflict with char reallocarray (); below.
|     Prefer <limits.h> to <assert.h> if __STDC__ is defined, since
|     <limits.h> exists even on freestanding compilers.  */
| 
| #ifdef __STDC__
| # include <limits.h>
| #else
| # include <assert.h>
| #endif
| 
| #undef reallocarray
| 
| /* Override any GCC internal prototype to avoid an error.
|    Use char because int might match the return type of a GCC
|    builtin and then its argument prototype would still apply.  */
| #ifdef __cplusplus
| extern "C"
| #endif
| char reallocarray ();
| /* The GNU C library defines this for functions which it implements
|     to always fail with ENOSYS.  Some functions are actually named
|     something starting with __ and the normal name is an alias.  */
| #if defined __stub_reallocarray || defined __stub___reallocarray
| choke me
| #endif
| 
| int
| main ()
| {
| return reallocarray ();
|   ;
|   return 0;
| }
configure:12866: result: no
configure:12890: checking for timingsafe_bcmp
configure:12890: gcc -o conftest  -Wall -std=gnu99 -g -D_DEFAULT_SOURCE -D_BSD_SOURCE -D_POSIX_SOURCE -D_GNU_SOURCE -Wno-pointer-sign   conftest.c  >&5
/tmp/ccsSa8Cq.o: In function `main':
/home/tibo/Travail/M2_SAFE/crypto/git_libressl/conftest.c:60: undefined reference to `timingsafe_bcmp'
collect2: error: ld returned 1 exit status
configure:12890: $? = 1
configure: failed program was:
| /* confdefs.h */
| #define PACKAGE_NAME "libressl"
| #define PACKAGE_TARNAME "libressl"
| #define PACKAGE_VERSION "2.1.1"
| #define PACKAGE_STRING "libressl 2.1.1"
| #define PACKAGE_BUGREPORT ""
| #define PACKAGE_URL ""
| #define PACKAGE "libressl"
| #define VERSION "2.1.1"
| #define STDC_HEADERS 1
| #define HAVE_SYS_TYPES_H 1
| #define HAVE_SYS_STAT_H 1
| #define HAVE_STDLIB_H 1
| #define HAVE_STRING_H 1
| #define HAVE_MEMORY_H 1
| #define HAVE_STRINGS_H 1
| #define HAVE_INTTYPES_H 1
| #define HAVE_STDINT_H 1
| #define HAVE_UNISTD_H 1
| #define HAVE_DLFCN_H 1
| #define LT_OBJDIR ".libs/"
| #define NO_STRLCPY 1
| #define NO_STRLCAT 1
| #define NO_REALLOCARRAY 1
| /* end confdefs.h.  */
| /* Define timingsafe_bcmp to an innocuous variant, in case <limits.h> declares timingsafe_bcmp.
|    For example, HP-UX 11i <limits.h> declares gettimeofday.  */
| #define timingsafe_bcmp innocuous_timingsafe_bcmp
| 
| /* System header to define __stub macros and hopefully few prototypes,
|     which can conflict with char timingsafe_bcmp (); below.
|     Prefer <limits.h> to <assert.h> if __STDC__ is defined, since
|     <limits.h> exists even on freestanding compilers.  */
| 
| #ifdef __STDC__
| # include <limits.h>
| #else
| # include <assert.h>
| #endif
| 
| #undef timingsafe_bcmp
| 
| /* Override any GCC internal prototype to avoid an error.
|    Use char because int might match the return type of a GCC
|    builtin and then its argument prototype would still apply.  */
| #ifdef __cplusplus
| extern "C"
| #endif
| char timingsafe_bcmp ();
| /* The GNU C library defines this for functions which it implements
|     to always fail with ENOSYS.  Some functions are actually named
|     something starting with __ and the normal name is an alias.  */
| #if defined __stub_timingsafe_bcmp || defined __stub___timingsafe_bcmp
| choke me
| #endif
| 
| int
| main ()
| {
| return timingsafe_bcmp ();
|   ;
|   return 0;
| }
configure:12890: result: no
configure:12914: checking for timingsafe_memcmp
configure:12914: gcc -o conftest  -Wall -std=gnu99 -g -D_DEFAULT_SOURCE -D_BSD_SOURCE -D_POSIX_SOURCE -D_GNU_SOURCE -Wno-pointer-sign   conftest.c  >&5
/tmp/ccOmEpJt.o: In function `main':
/home/tibo/Travail/M2_SAFE/crypto/git_libressl/conftest.c:61: undefined reference to `timingsafe_memcmp'
collect2: error: ld returned 1 exit status
configure:12914: $? = 1
configure: failed program was:
| /* confdefs.h */
| #define PACKAGE_NAME "libressl"
| #define PACKAGE_TARNAME "libressl"
| #define PACKAGE_VERSION "2.1.1"
| #define PACKAGE_STRING "libressl 2.1.1"
| #define PACKAGE_BUGREPORT ""
| #define PACKAGE_URL ""
| #define PACKAGE "libressl"
| #define VERSION "2.1.1"
| #define STDC_HEADERS 1
| #define HAVE_SYS_TYPES_H 1
| #define HAVE_SYS_STAT_H 1
| #define HAVE_STDLIB_H 1
| #define HAVE_STRING_H 1
| #define HAVE_MEMORY_H 1
| #define HAVE_STRINGS_H 1
| #define HAVE_INTTYPES_H 1
| #define HAVE_STDINT_H 1
| #define HAVE_UNISTD_H 1
| #define HAVE_DLFCN_H 1
| #define LT_OBJDIR ".libs/"
| #define NO_STRLCPY 1
| #define NO_STRLCAT 1
| #define NO_REALLOCARRAY 1
| #define NO_TIMINGSAFE_BCMP 1
| /* end confdefs.h.  */
| /* Define timingsafe_memcmp to an innocuous variant, in case <limits.h> declares timingsafe_memcmp.
|    For example, HP-UX 11i <limits.h> declares gettimeofday.  */
| #define timingsafe_memcmp innocuous_timingsafe_memcmp
| 
| /* System header to define __stub macros and hopefully few prototypes,
|     which can conflict with char timingsafe_memcmp (); below.
|     Prefer <limits.h> to <assert.h> if __STDC__ is defined, since
|     <limits.h> exists even on freestanding compilers.  */
| 
| #ifdef __STDC__
| # include <limits.h>
| #else
| # include <assert.h>
| #endif
| 
| #undef timingsafe_memcmp
| 
| /* Override any GCC internal prototype to avoid an error.
|    Use char because int might match the return type of a GCC
|    builtin and then its argument prototype would still apply.  */
| #ifdef __cplusplus
| extern "C"
| #endif
| char timingsafe_memcmp ();
| /* The GNU C library defines this for functions which it implements
|     to always fail with ENOSYS.  Some functions are actually named
|     something starting with __ and the normal name is an alias.  */
| #if defined __stub_timingsafe_memcmp || defined __stub___timingsafe_memcmp
| choke me
| #endif
| 
| int
| main ()
| {
| return timingsafe_memcmp ();
|   ;
|   return 0;
| }
configure:12914: result: no
configure:12938: checking for arc4random_buf
configure:12938: gcc -o conftest  -Wall -std=gnu99 -g -D_DEFAULT_SOURCE -D_BSD_SOURCE -D_POSIX_SOURCE -D_GNU_SOURCE -Wno-pointer-sign   conftest.c  >&5
/tmp/ccFqQRzu.o: In function `main':
/home/tibo/Travail/M2_SAFE/crypto/git_libressl/conftest.c:62: undefined reference to `arc4random_buf'
collect2: error: ld returned 1 exit status
configure:12938: $? = 1
configure: failed program was:
| /* confdefs.h */
| #define PACKAGE_NAME "libressl"
| #define PACKAGE_TARNAME "libressl"
| #define PACKAGE_VERSION "2.1.1"
| #define PACKAGE_STRING "libressl 2.1.1"
| #define PACKAGE_BUGREPORT ""
| #define PACKAGE_URL ""
| #define PACKAGE "libressl"
| #define VERSION "2.1.1"
| #define STDC_HEADERS 1
| #define HAVE_SYS_TYPES_H 1
| #define HAVE_SYS_STAT_H 1
| #define HAVE_STDLIB_H 1
| #define HAVE_STRING_H 1
| #define HAVE_MEMORY_H 1
| #define HAVE_STRINGS_H 1
| #define HAVE_INTTYPES_H 1
| #define HAVE_STDINT_H 1
| #define HAVE_UNISTD_H 1
| #define HAVE_DLFCN_H 1
| #define LT_OBJDIR ".libs/"
| #define NO_STRLCPY 1
| #define NO_STRLCAT 1
| #define NO_REALLOCARRAY 1
| #define NO_TIMINGSAFE_BCMP 1
| #define NO_TIMINGSAFE_MEMCMP 1
| /* end confdefs.h.  */
| /* Define arc4random_buf to an innocuous variant, in case <limits.h> declares arc4random_buf.
|    For example, HP-UX 11i <limits.h> declares gettimeofday.  */
| #define arc4random_buf innocuous_arc4random_buf
| 
| /* System header to define __stub macros and hopefully few prototypes,
|     which can conflict with char arc4random_buf (); below.
|     Prefer <limits.h> to <assert.h> if __STDC__ is defined, since
|     <limits.h> exists even on freestanding compilers.  */
| 
| #ifdef __STDC__
| # include <limits.h>
| #else
| # include <assert.h>
| #endif
| 
| #undef arc4random_buf
| 
| /* Override any GCC internal prototype to avoid an error.
|    Use char because int might match the return type of a GCC
|    builtin and then its argument prototype would still apply.  */
| #ifdef __cplusplus
| extern "C"
| #endif
| char arc4random_buf ();
| /* The GNU C library defines this for functions which it implements
|     to always fail with ENOSYS.  Some functions are actually named
|     something starting with __ and the normal name is an alias.  */
| #if defined __stub_arc4random_buf || defined __stub___arc4random_buf
| choke me
| #endif
| 
| int
| main ()
| {
| return arc4random_buf ();
|   ;
|   return 0;
| }
configure:12938: result: no
configure:12962: checking for getentropy
configure:12962: gcc -o conftest  -Wall -std=gnu99 -g -D_DEFAULT_SOURCE -D_BSD_SOURCE -D_POSIX_SOURCE -D_GNU_SOURCE -Wno-pointer-sign   conftest.c  >&5
/tmp/ccnG5wVx.o: In function `main':
/home/tibo/Travail/M2_SAFE/crypto/git_libressl/conftest.c:63: undefined reference to `getentropy'
collect2: error: ld returned 1 exit status
configure:12962: $? = 1
configure: failed program was:
| /* confdefs.h */
| #define PACKAGE_NAME "libressl"
| #define PACKAGE_TARNAME "libressl"
| #define PACKAGE_VERSION "2.1.1"
| #define PACKAGE_STRING "libressl 2.1.1"
| #define PACKAGE_BUGREPORT ""
| #define PACKAGE_URL ""
| #define PACKAGE "libressl"
| #define VERSION "2.1.1"
| #define STDC_HEADERS 1
| #define HAVE_SYS_TYPES_H 1
| #define HAVE_SYS_STAT_H 1
| #define HAVE_STDLIB_H 1
| #define HAVE_STRING_H 1
| #define HAVE_MEMORY_H 1
| #define HAVE_STRINGS_H 1
| #define HAVE_INTTYPES_H 1
| #define HAVE_STDINT_H 1
| #define HAVE_UNISTD_H 1
| #define HAVE_DLFCN_H 1
| #define LT_OBJDIR ".libs/"
| #define NO_STRLCPY 1
| #define NO_STRLCAT 1
| #define NO_REALLOCARRAY 1
| #define NO_TIMINGSAFE_BCMP 1
| #define NO_TIMINGSAFE_MEMCMP 1
| #define NO_ARC4RANDOM_BUF 1
| /* end confdefs.h.  */
| /* Define getentropy to an innocuous variant, in case <limits.h> declares getentropy.
|    For example, HP-UX 11i <limits.h> declares gettimeofday.  */
| #define getentropy innocuous_getentropy
| 
| /* System header to define __stub macros and hopefully few prototypes,
|     which can conflict with char getentropy (); below.
|     Prefer <limits.h> to <assert.h> if __STDC__ is defined, since
|     <limits.h> exists even on freestanding compilers.  */
| 
| #ifdef __STDC__
| # include <limits.h>
| #else
| # include <assert.h>
| #endif
| 
| #undef getentropy
| 
| /* Override any GCC internal prototype to avoid an error.
|    Use char because int might match the return type of a GCC
|    builtin and then its argument prototype would still apply.  */
| #ifdef __cplusplus
| extern "C"
| #endif
| char getentropy ();
| /* The GNU C library defines this for functions which it implements
|     to always fail with ENOSYS.  Some functions are actually named
|     something starting with __ and the normal name is an alias.  */
| #if defined __stub_getentropy || defined __stub___getentropy
| choke me
| #endif
| 
| int
| main ()
| {
| return getentropy ();
|   ;
|   return 0;
| }
configure:12962: result: no
configure:12986: checking for issetugid
configure:12986: gcc -o conftest  -Wall -std=gnu99 -g -D_DEFAULT_SOURCE -D_BSD_SOURCE -D_POSIX_SOURCE -D_GNU_SOURCE -Wno-pointer-sign   conftest.c  >&5
/tmp/ccUOIvdA.o: In function `main':
/home/tibo/Travail/M2_SAFE/crypto/git_libressl/conftest.c:64: undefined reference to `issetugid'
collect2: error: ld returned 1 exit status
configure:12986: $? = 1
configure: failed program was:
| /* confdefs.h */
| #define PACKAGE_NAME "libressl"
| #define PACKAGE_TARNAME "libressl"
| #define PACKAGE_VERSION "2.1.1"
| #define PACKAGE_STRING "libressl 2.1.1"
| #define PACKAGE_BUGREPORT ""
| #define PACKAGE_URL ""
| #define PACKAGE "libressl"
| #define VERSION "2.1.1"
| #define STDC_HEADERS 1
| #define HAVE_SYS_TYPES_H 1
| #define HAVE_SYS_STAT_H 1
| #define HAVE_STDLIB_H 1
| #define HAVE_STRING_H 1
| #define HAVE_MEMORY_H 1
| #define HAVE_STRINGS_H 1
| #define HAVE_INTTYPES_H 1
| #define HAVE_STDINT_H 1
| #define HAVE_UNISTD_H 1
| #define HAVE_DLFCN_H 1
| #define LT_OBJDIR ".libs/"
| #define NO_STRLCPY 1
| #define NO_STRLCAT 1
| #define NO_REALLOCARRAY 1
| #define NO_TIMINGSAFE_BCMP 1
| #define NO_TIMINGSAFE_MEMCMP 1
| #define NO_ARC4RANDOM_BUF 1
| #define NO_GETENTROPY 1
| /* end confdefs.h.  */
| /* Define issetugid to an innocuous variant, in case <limits.h> declares issetugid.
|    For example, HP-UX 11i <limits.h> declares gettimeofday.  */
| #define issetugid innocuous_issetugid
| 
| /* System header to define __stub macros and hopefully few prototypes,
|     which can conflict with char issetugid (); below.
|     Prefer <limits.h> to <assert.h> if __STDC__ is defined, since
|     <limits.h> exists even on freestanding compilers.  */
| 
| #ifdef __STDC__
| # include <limits.h>
| #else
| # include <assert.h>
| #endif
| 
| #undef issetugid
| 
| /* Override any GCC internal prototype to avoid an error.
|    Use char because int might match the return type of a GCC
|    builtin and then its argument prototype would still apply.  */
| #ifdef __cplusplus
| extern "C"
| #endif
| char issetugid ();
| /* The GNU C library defines this for functions which it implements
|     to always fail with ENOSYS.  Some functions are actually named
|     something starting with __ and the normal name is an alias.  */
| #if defined __stub_issetugid || defined __stub___issetugid
| choke me
| #endif
| 
| int
| main ()
| {
| return issetugid ();
|   ;
|   return 0;
| }
configure:12986: result: no
configure:13010: checking for strtonum
configure:13010: gcc -o conftest  -Wall -std=gnu99 -g -D_DEFAULT_SOURCE -D_BSD_SOURCE -D_POSIX_SOURCE -D_GNU_SOURCE -Wno-pointer-sign   conftest.c  >&5
/tmp/ccRVeAdG.o: In function `main':
/home/tibo/Travail/M2_SAFE/crypto/git_libressl/conftest.c:65: undefined reference to `strtonum'
collect2: error: ld returned 1 exit status
configure:13010: $? = 1
configure: failed program was:
| /* confdefs.h */
| #define PACKAGE_NAME "libressl"
| #define PACKAGE_TARNAME "libressl"
| #define PACKAGE_VERSION "2.1.1"
| #define PACKAGE_STRING "libressl 2.1.1"
| #define PACKAGE_BUGREPORT ""
| #define PACKAGE_URL ""
| #define PACKAGE "libressl"
| #define VERSION "2.1.1"
| #define STDC_HEADERS 1
| #define HAVE_SYS_TYPES_H 1
| #define HAVE_SYS_STAT_H 1
| #define HAVE_STDLIB_H 1
| #define HAVE_STRING_H 1
| #define HAVE_MEMORY_H 1
| #define HAVE_STRINGS_H 1
| #define HAVE_INTTYPES_H 1
| #define HAVE_STDINT_H 1
| #define HAVE_UNISTD_H 1
| #define HAVE_DLFCN_H 1
| #define LT_OBJDIR ".libs/"
| #define NO_STRLCPY 1
| #define NO_STRLCAT 1
| #define NO_REALLOCARRAY 1
| #define NO_TIMINGSAFE_BCMP 1
| #define NO_TIMINGSAFE_MEMCMP 1
| #define NO_ARC4RANDOM_BUF 1
| #define NO_GETENTROPY 1
| #define NO_ISSETUGID 1
| /* end confdefs.h.  */
| /* Define strtonum to an innocuous variant, in case <limits.h> declares strtonum.
|    For example, HP-UX 11i <limits.h> declares gettimeofday.  */
| #define strtonum innocuous_strtonum
| 
| /* System header to define __stub macros and hopefully few prototypes,
|     which can conflict with char strtonum (); below.
|     Prefer <limits.h> to <assert.h> if __STDC__ is defined, since
|     <limits.h> exists even on freestanding compilers.  */
| 
| #ifdef __STDC__
| # include <limits.h>
| #else
| # include <assert.h>
| #endif
| 
| #undef strtonum
| 
| /* Override any GCC internal prototype to avoid an error.
|    Use char because int might match the return type of a GCC
|    builtin and then its argument prototype would still apply.  */
| #ifdef __cplusplus
| extern "C"
| #endif
| char strtonum ();
| /* The GNU C library defines this for functions which it implements
|     to always fail with ENOSYS.  Some functions are actually named
|     something starting with __ and the normal name is an alias.  */
| #if defined __stub_strtonum || defined __stub___strtonum
| choke me
| #endif
| 
| int
| main ()
| {
| return strtonum ();
|   ;
|   return 0;
| }
configure:13010: result: no
configure:13034: checking for explicit_bzero
configure:13034: gcc -o conftest  -Wall -std=gnu99 -g -D_DEFAULT_SOURCE -D_BSD_SOURCE -D_POSIX_SOURCE -D_GNU_SOURCE -Wno-pointer-sign   conftest.c  >&5
/tmp/ccsi44iH.o: In function `main':
/home/tibo/Travail/M2_SAFE/crypto/git_libressl/conftest.c:66: undefined reference to `explicit_bzero'
collect2: error: ld returned 1 exit status
configure:13034: $? = 1
configure: failed program was:
| /* confdefs.h */
| #define PACKAGE_NAME "libressl"
| #define PACKAGE_TARNAME "libressl"
| #define PACKAGE_VERSION "2.1.1"
| #define PACKAGE_STRING "libressl 2.1.1"
| #define PACKAGE_BUGREPORT ""
| #define PACKAGE_URL ""
| #define PACKAGE "libressl"
| #define VERSION "2.1.1"
| #define STDC_HEADERS 1
| #define HAVE_SYS_TYPES_H 1
| #define HAVE_SYS_STAT_H 1
| #define HAVE_STDLIB_H 1
| #define HAVE_STRING_H 1
| #define HAVE_MEMORY_H 1
| #define HAVE_STRINGS_H 1
| #define HAVE_INTTYPES_H 1
| #define HAVE_STDINT_H 1
| #define HAVE_UNISTD_H 1
| #define HAVE_DLFCN_H 1
| #define LT_OBJDIR ".libs/"
| #define NO_STRLCPY 1
| #define NO_STRLCAT 1
| #define NO_REALLOCARRAY 1
| #define NO_TIMINGSAFE_BCMP 1
| #define NO_TIMINGSAFE_MEMCMP 1
| #define NO_ARC4RANDOM_BUF 1
| #define NO_GETENTROPY 1
| #define NO_ISSETUGID 1
| #define NO_STRTONUM 1
| /* end confdefs.h.  */
| /* Define explicit_bzero to an innocuous variant, in case <limits.h> declares explicit_bzero.
|    For example, HP-UX 11i <limits.h> declares gettimeofday.  */
| #define explicit_bzero innocuous_explicit_bzero
| 
| /* System header to define __stub macros and hopefully few prototypes,
|     which can conflict with char explicit_bzero (); below.
|     Prefer <limits.h> to <assert.h> if __STDC__ is defined, since
|     <limits.h> exists even on freestanding compilers.  */
| 
| #ifdef __STDC__
| # include <limits.h>
| #else
| # include <assert.h>
| #endif
| 
| #undef explicit_bzero
| 
| /* Override any GCC internal prototype to avoid an error.
|    Use char because int might match the return type of a GCC
|    builtin and then its argument prototype would still apply.  */
| #ifdef __cplusplus
| extern "C"
| #endif
| char explicit_bzero ();
| /* The GNU C library defines this for functions which it implements
|     to always fail with ENOSYS.  Some functions are actually named
|     something starting with __ and the normal name is an alias.  */
| #if defined __stub_explicit_bzero || defined __stub___explicit_bzero
| choke me
| #endif
| 
| int
| main ()
| {
| return explicit_bzero ();
|   ;
|   return 0;
| }
configure:13034: result: no
configure:13058: checking whether va_copy exists
configure:13078: gcc -o conftest  -Wall -std=gnu99 -g -D_DEFAULT_SOURCE -D_BSD_SOURCE -D_POSIX_SOURCE -D_GNU_SOURCE -Wno-pointer-sign   conftest.c  >&5
configure:13078: $? = 0
configure:13088: result: yes
configure:13096: checking whether __va_copy exists
configure:13116: gcc -o conftest  -Wall -std=gnu99 -g -D_DEFAULT_SOURCE -D_BSD_SOURCE -D_POSIX_SOURCE -D_GNU_SOURCE -Wno-pointer-sign   conftest.c  >&5
configure:13116: $? = 0
configure:13126: result: yes
configure:13134: checking for getauxval
configure:13134: gcc -o conftest  -Wall -std=gnu99 -g -D_DEFAULT_SOURCE -D_BSD_SOURCE -D_POSIX_SOURCE -D_GNU_SOURCE -Wno-pointer-sign   conftest.c  >&5
configure:13134: $? = 0
configure:13134: result: yes
configure:13141: checking for funopen
configure:13141: gcc -o conftest  -Wall -std=gnu99 -g -D_DEFAULT_SOURCE -D_BSD_SOURCE -D_POSIX_SOURCE -D_GNU_SOURCE -Wno-pointer-sign   conftest.c  >&5
/tmp/ccDL905R.o: In function `main':
/home/tibo/Travail/M2_SAFE/crypto/git_libressl/conftest.c:70: undefined reference to `funopen'
collect2: error: ld returned 1 exit status
configure:13141: $? = 1
configure: failed program was:
| /* confdefs.h */
| #define PACKAGE_NAME "libressl"
| #define PACKAGE_TARNAME "libressl"
| #define PACKAGE_VERSION "2.1.1"
| #define PACKAGE_STRING "libressl 2.1.1"
| #define PACKAGE_BUGREPORT ""
| #define PACKAGE_URL ""
| #define PACKAGE "libressl"
| #define VERSION "2.1.1"
| #define STDC_HEADERS 1
| #define HAVE_SYS_TYPES_H 1
| #define HAVE_SYS_STAT_H 1
| #define HAVE_STDLIB_H 1
| #define HAVE_STRING_H 1
| #define HAVE_MEMORY_H 1
| #define HAVE_STRINGS_H 1
| #define HAVE_INTTYPES_H 1
| #define HAVE_STDINT_H 1
| #define HAVE_UNISTD_H 1
| #define HAVE_DLFCN_H 1
| #define LT_OBJDIR ".libs/"
| #define NO_STRLCPY 1
| #define NO_STRLCAT 1
| #define NO_REALLOCARRAY 1
| #define NO_TIMINGSAFE_BCMP 1
| #define NO_TIMINGSAFE_MEMCMP 1
| #define NO_ARC4RANDOM_BUF 1
| #define NO_GETENTROPY 1
| #define NO_ISSETUGID 1
| #define NO_STRTONUM 1
| #define NO_EXPLICIT_BZERO 1
| #define HAVE_VA_COPY 1
| #define HAVE___VA_COPY 1
| #define HAVE_GETAUXVAL 1
| /* end confdefs.h.  */
| /* Define funopen to an innocuous variant, in case <limits.h> declares funopen.
|    For example, HP-UX 11i <limits.h> declares gettimeofday.  */
| #define funopen innocuous_funopen
| 
| /* System header to define __stub macros and hopefully few prototypes,
|     which can conflict with char funopen (); below.
|     Prefer <limits.h> to <assert.h> if __STDC__ is defined, since
|     <limits.h> exists even on freestanding compilers.  */
| 
| #ifdef __STDC__
| # include <limits.h>
| #else
| # include <assert.h>
| #endif
| 
| #undef funopen
| 
| /* Override any GCC internal prototype to avoid an error.
|    Use char because int might match the return type of a GCC
|    builtin and then its argument prototype would still apply.  */
| #ifdef __cplusplus
| extern "C"
| #endif
| char funopen ();
| /* The GNU C library defines this for functions which it implements
|     to always fail with ENOSYS.  Some functions are actually named
|     something starting with __ and the normal name is an alias.  */
| #if defined __stub_funopen || defined __stub___funopen
| choke me
| #endif
| 
| int
| main ()
| {
| return funopen ();
|   ;
|   return 0;
| }
configure:13141: result: no
configure:13148: checking sys/sysctl.h usability
configure:13148: gcc -c  -Wall -std=gnu99 -g -D_DEFAULT_SOURCE -D_BSD_SOURCE -D_POSIX_SOURCE -D_GNU_SOURCE -Wno-pointer-sign  conftest.c >&5
configure:13148: $? = 0
configure:13148: result: yes
configure:13148: checking sys/sysctl.h presence
configure:13148: gcc -E  conftest.c
configure:13148: $? = 0
configure:13148: result: yes
configure:13148: checking for sys/sysctl.h
configure:13148: result: yes
configure:13156: checking err.h usability
configure:13156: gcc -c  -Wall -std=gnu99 -g -D_DEFAULT_SOURCE -D_BSD_SOURCE -D_POSIX_SOURCE -D_GNU_SOURCE -Wno-pointer-sign  conftest.c >&5
configure:13156: $? = 0
configure:13156: result: yes
configure:13156: checking err.h presence
configure:13156: gcc -E  conftest.c
configure:13156: $? = 0
configure:13156: result: yes
configure:13156: checking for err.h
configure:13156: result: yes
configure:13345: checking that generated files are newer than configure
configure:13351: result: done
configure:13498: creating ./config.status

## ---------------------- ##
## Running config.status. ##
## ---------------------- ##

This file was extended by libressl config.status 2.1.1, which was
generated by GNU Autoconf 2.69.  Invocation command line was

  CONFIG_FILES    = 
  CONFIG_HEADERS  = 
  CONFIG_LINKS    = 
  CONFIG_COMMANDS = 
  $ ./config.status 

on 91

config.status:1050: creating Makefile
config.status:1050: creating include/Makefile
config.status:1050: creating include/openssl/Makefile
config.status:1050: creating ssl/Makefile
config.status:1050: creating crypto/Makefile
config.status:1050: creating tests/Makefile
config.status:1050: creating apps/Makefile
config.status:1050: creating man/Makefile
config.status:1050: creating libcrypto.pc
config.status:1050: creating libssl.pc
config.status:1050: creating openssl.pc
config.status:1222: executing depfiles commands
config.status:1222: executing libtool commands

## ---------------- ##
## Cache variables. ##
## ---------------- ##

ac_cv_build=x86_64-unknown-linux-gnu
ac_cv_c_compiler_gnu=yes
ac_cv_env_CC_set=
ac_cv_env_CC_value=
ac_cv_env_CFLAGS_set=
ac_cv_env_CFLAGS_value=
ac_cv_env_CPPFLAGS_set=
ac_cv_env_CPPFLAGS_value=
ac_cv_env_CPP_set=
ac_cv_env_CPP_value=
ac_cv_env_LDFLAGS_set=
ac_cv_env_LDFLAGS_value=
ac_cv_env_LIBS_set=
ac_cv_env_LIBS_value=
ac_cv_env_build_alias_set=
ac_cv_env_build_alias_value=
ac_cv_env_host_alias_set=
ac_cv_env_host_alias_value=
ac_cv_env_target_alias_set=
ac_cv_env_target_alias_value=
ac_cv_func_arc4random_buf=no
ac_cv_func_asprintf=yes
ac_cv_func_clock_gettime=yes
ac_cv_func_dl_iterate_phdr=yes
ac_cv_func_explicit_bzero=no
ac_cv_func_funopen=no
ac_cv_func_getauxval=yes
ac_cv_func_getentropy=no
ac_cv_func_issetugid=no
ac_cv_func_reallocarray=no
ac_cv_func_strlcat=no
ac_cv_func_strlcpy=no
ac_cv_func_strndup=yes
ac_cv_func_strnlen=yes
ac_cv_func_strtonum=no
ac_cv_func_timingsafe_bcmp=no
ac_cv_func_timingsafe_memcmp=no
ac_cv_have___va_copy=yes
ac_cv_have_va_copy=yes
ac_cv_header_dlfcn_h=yes
ac_cv_header_err_h=yes
ac_cv_header_inttypes_h=yes
ac_cv_header_memory_h=yes
ac_cv_header_stdc=yes
ac_cv_header_stdint_h=yes
ac_cv_header_stdlib_h=yes
ac_cv_header_string_h=yes
ac_cv_header_strings_h=yes
ac_cv_header_sys_stat_h=yes
ac_cv_header_sys_sysctl_h=yes
ac_cv_header_sys_types_h=yes
ac_cv_header_unistd_h=yes
ac_cv_host=x86_64-unknown-linux-gnu
ac_cv_objext=o
ac_cv_path_EGREP='/bin/grep -E'
ac_cv_path_FGREP='/bin/grep -F'
ac_cv_path_GREP=/bin/grep
ac_cv_path_SED=/bin/sed
ac_cv_path_install='/usr/bin/install -c'
ac_cv_path_mkdir=/bin/mkdir
ac_cv_prog_AWK=gawk
ac_cv_prog_CPP='gcc -E'
ac_cv_prog_ac_ct_AR=ar
ac_cv_prog_ac_ct_CC=gcc
ac_cv_prog_ac_ct_MANIFEST_TOOL=mt
ac_cv_prog_ac_ct_OBJDUMP=objdump
ac_cv_prog_ac_ct_RANLIB=ranlib
ac_cv_prog_ac_ct_STRIP=strip
ac_cv_prog_cc_c89=
ac_cv_prog_cc_c99=
ac_cv_prog_cc_g=yes
ac_cv_prog_cc_stdc=
ac_cv_prog_make_make_set=yes
am_cv_CC_dependencies_compiler_type=gcc3
am_cv_make_support_nested_variables=yes
am_cv_prog_cc_c_o=yes
lt_cv_ar_at_file=@
lt_cv_archive_cmds_need_lc=no
lt_cv_deplibs_check_method=pass_all
lt_cv_file_magic_cmd='$MAGIC_CMD'
lt_cv_file_magic_test_file=
lt_cv_ld_reload_flag=-r
lt_cv_nm_interface='BSD nm'
lt_cv_objdir=.libs
lt_cv_path_LD=/usr/bin/ld
lt_cv_path_NM='/usr/bin/nm -B'
lt_cv_path_mainfest_tool=no
lt_cv_prog_compiler_c_o=yes
lt_cv_prog_compiler_pic='-fPIC -DPIC'
lt_cv_prog_compiler_pic_works=yes
lt_cv_prog_compiler_rtti_exceptions=no
lt_cv_prog_compiler_static_works=yes
lt_cv_prog_gnu_ld=yes
lt_cv_sharedlib_from_linklib_cmd='printf %s\n'
lt_cv_shlibpath_overrides_runpath=no
lt_cv_sys_global_symbol_pipe='sed -n -e '\''s/^.*[	 ]\([ABCDGIRSTW][ABCDGIRSTW]*\)[	 ][	 ]*\([_A-Za-z][_A-Za-z0-9]*\)$/\1 \2 \2/p'\'' | sed '\''/ __gnu_lto/d'\'''
lt_cv_sys_global_symbol_to_c_name_address='sed -n -e '\''s/^: \([^ ]*\)[ ]*$/  {\"\1\", (void *) 0},/p'\'' -e '\''s/^[ABCDGIRSTW]* \([^ ]*\) \([^ ]*\)$/  {"\2", (void *) \&\2},/p'\'''
lt_cv_sys_global_symbol_to_c_name_address_lib_prefix='sed -n -e '\''s/^: \([^ ]*\)[ ]*$/  {\"\1\", (void *) 0},/p'\'' -e '\''s/^[ABCDGIRSTW]* \([^ ]*\) \(lib[^ ]*\)$/  {"\2", (void *) \&\2},/p'\'' -e '\''s/^[ABCDGIRSTW]* \([^ ]*\) \([^ ]*\)$/  {"lib\2", (void *) \&\2},/p'\'''
lt_cv_sys_global_symbol_to_cdecl='sed -n -e '\''s/^T .* \(.*\)$/extern int \1();/p'\'' -e '\''s/^[ABCDGIRSTW]* .* \(.*\)$/extern char \1;/p'\'''
lt_cv_sys_max_cmd_len=1572864
lt_cv_to_host_file_cmd=func_convert_file_noop
lt_cv_to_tool_file_cmd=func_convert_file_noop

## ----------------- ##
## Output variables. ##
## ----------------- ##

ACLOCAL='${SHELL} /home/tibo/Travail/M2_SAFE/crypto/git_libressl/missing aclocal-1.14'
AMDEPBACKSLASH='\'
AMDEP_FALSE='#'
AMDEP_TRUE=''
AMTAR='$${TAR-tar}'
AM_BACKSLASH='\'
AM_DEFAULT_V='$(AM_DEFAULT_VERBOSITY)'
AM_DEFAULT_VERBOSITY='0'
AM_V='$(V)'
AR='ar'
AUTOCONF='${SHELL} /home/tibo/Travail/M2_SAFE/crypto/git_libressl/missing autoconf'
AUTOHEADER='${SHELL} /home/tibo/Travail/M2_SAFE/crypto/git_libressl/missing autoheader'
AUTOMAKE='${SHELL} /home/tibo/Travail/M2_SAFE/crypto/git_libressl/missing automake-1.14'
AWK='gawk'
CC='gcc'
CCDEPMODE='depmode=gcc3'
CFLAGS=' -Wall -std=gnu99 -g -D_DEFAULT_SOURCE -D_BSD_SOURCE -D_POSIX_SOURCE -D_GNU_SOURCE -Wno-pointer-sign'
CPP='gcc -E'
CPPFLAGS=''
CYGPATH_W='echo'
DEFS='-DPACKAGE_NAME=\"libressl\" -DPACKAGE_TARNAME=\"libressl\" -DPACKAGE_VERSION=\"2.1.1\" -DPACKAGE_STRING=\"libressl\ 2.1.1\" -DPACKAGE_BUGREPORT=\"\" -DPACKAGE_URL=\"\" -DPACKAGE=\"libressl\" -DVERSION=\"2.1.1\" -DSTDC_HEADERS=1 -DHAVE_SYS_TYPES_H=1 -DHAVE_SYS_STAT_H=1 -DHAVE_STDLIB_H=1 -DHAVE_STRING_H=1 -DHAVE_MEMORY_H=1 -DHAVE_STRINGS_H=1 -DHAVE_INTTYPES_H=1 -DHAVE_STDINT_H=1 -DHAVE_UNISTD_H=1 -DHAVE_DLFCN_H=1 -DLT_OBJDIR=\".libs/\" -DNO_STRLCPY=1 -DNO_STRLCAT=1 -DNO_REALLOCARRAY=1 -DNO_TIMINGSAFE_BCMP=1 -DNO_TIMINGSAFE_MEMCMP=1 -DNO_ARC4RANDOM_BUF=1 -DNO_GETENTROPY=1 -DNO_ISSETUGID=1 -DNO_STRTONUM=1 -DNO_EXPLICIT_BZERO=1 -DHAVE_VA_COPY=1 -DHAVE___VA_COPY=1 -DHAVE_GETAUXVAL=1 -DHAVE_SYS_SYSCTL_H=1 -DHAVE_ERR_H=1'
DEPDIR='.deps'
DLLTOOL='false'
DSYMUTIL=''
DUMPBIN=''
ECHO_C=''
ECHO_N='-n'
ECHO_T=''
EGREP='/bin/grep -E'
EXEEXT=''
FGREP='/bin/grep -F'
GREP='/bin/grep'
HOST_DARWIN_FALSE=''
HOST_DARWIN_TRUE='#'
HOST_LINUX_FALSE='#'
HOST_LINUX_TRUE=''
HOST_SOLARIS_FALSE=''
HOST_SOLARIS_TRUE='#'
HOST_WIN_FALSE=''
HOST_WIN_TRUE='#'
INSTALL_DATA='${INSTALL} -m 644'
INSTALL_PROGRAM='${INSTALL}'
INSTALL_SCRIPT='${INSTALL}'
INSTALL_STRIP_PROGRAM='$(install_sh) -c -s'
LD='/usr/bin/ld -m elf_x86_64'
LDFLAGS=''
LIBOBJS=''
LIBS=''
LIBTOOL='$(SHELL) $(top_builddir)/libtool'
LIPO=''
LN_S='ln -s'
LTLIBOBJS=''
MAKEINFO='${SHELL} /home/tibo/Travail/M2_SAFE/crypto/git_libressl/missing makeinfo'
MANIFEST_TOOL=':'
MKDIR_P='/bin/mkdir -p'
NM='/usr/bin/nm -B'
NMEDIT=''
NO_ARC4RANDOM_BUF_FALSE='#'
NO_ARC4RANDOM_BUF_TRUE=''
NO_ASPRINTF_FALSE=''
NO_ASPRINTF_TRUE='#'
NO_EXPLICIT_BZERO_FALSE='#'
NO_EXPLICIT_BZERO_TRUE=''
NO_GETENTROPY_FALSE='#'
NO_GETENTROPY_TRUE=''
NO_ISSETUGID_FALSE='#'
NO_ISSETUGID_TRUE=''
NO_REALLOCARRAY_FALSE='#'
NO_REALLOCARRAY_TRUE=''
NO_STRLCAT_FALSE='#'
NO_STRLCAT_TRUE=''
NO_STRLCPY_FALSE='#'
NO_STRLCPY_TRUE=''
NO_STRNDUP_FALSE=''
NO_STRNDUP_TRUE='#'
NO_STRNLEN_FALSE=''
NO_STRNLEN_TRUE='#'
NO_STRTONUM_FALSE='#'
NO_STRTONUM_TRUE=''
NO_TIMINGSAFE_BCMP_FALSE='#'
NO_TIMINGSAFE_BCMP_TRUE=''
NO_TIMINGSAFE_MEMCMP_FALSE='#'
NO_TIMINGSAFE_MEMCMP_TRUE=''
OBJDUMP='objdump'
OBJEXT='o'
OTOOL64=''
OTOOL=''
PACKAGE='libressl'
PACKAGE_BUGREPORT=''
PACKAGE_NAME='libressl'
PACKAGE_STRING='libressl 2.1.1'
PACKAGE_TARNAME='libressl'
PACKAGE_URL=''
PACKAGE_VERSION='2.1.1'
PATH_SEPARATOR=':'
PLATFORM_LDADD=''
RANLIB='ranlib'
SED='/bin/sed'
SET_MAKE=''
SHELL='/bin/bash'
STRIP='strip'
USER_CFLAGS='-O2 '
VERSION='2.1.1'
ac_ct_AR='ar'
ac_ct_CC='gcc'
ac_ct_DUMPBIN=''
am__EXEEXT_FALSE=''
am__EXEEXT_TRUE='#'
am__fastdepCC_FALSE='#'
am__fastdepCC_TRUE=''
am__include='include'
am__isrc=''
am__leading_dot='.'
am__nodep='_no'
am__quote=''
am__tar='$${TAR-tar} chof - "$$tardir"'
am__untar='$${TAR-tar} xf -'
bindir='${exec_prefix}/bin'
build='x86_64-unknown-linux-gnu'
build_alias=''
build_cpu='x86_64'
build_os='linux-gnu'
build_vendor='unknown'
datadir='${datarootdir}'
datarootdir='${prefix}/share'
docdir='${datarootdir}/doc/${PACKAGE_TARNAME}'
dvidir='${docdir}'
exec_prefix='${prefix}'
host='x86_64-unknown-linux-gnu'
host_alias=''
host_cpu='x86_64'
host_os='linux-gnu'
host_vendor='unknown'
htmldir='${docdir}'
includedir='${prefix}/include'
infodir='${datarootdir}/info'
install_sh='${SHELL} /home/tibo/Travail/M2_SAFE/crypto/git_libressl/install-sh'
libdir='${exec_prefix}/lib'
libexecdir='${exec_prefix}/libexec'
localedir='${datarootdir}/locale'
localstatedir='${prefix}/var'
mandir='${datarootdir}/man'
mkdir_p='$(MKDIR_P)'
oldincludedir='/usr/include'
pdfdir='${docdir}'
prefix='/usr/local'
program_transform_name='s,x,x,'
psdir='${docdir}'
sbindir='${exec_prefix}/sbin'
sharedstatedir='${prefix}/com'
sysconfdir='${prefix}/etc'
target_alias=''

## ----------- ##
## confdefs.h. ##
## ----------- ##

/* confdefs.h */
#define PACKAGE_NAME "libressl"
#define PACKAGE_TARNAME "libressl"
#define PACKAGE_VERSION "2.1.1"
#define PACKAGE_STRING "libressl 2.1.1"
#define PACKAGE_BUGREPORT ""
#define PACKAGE_URL ""
#define PACKAGE "libressl"
#define VERSION "2.1.1"
#define STDC_HEADERS 1
#define HAVE_SYS_TYPES_H 1
#define HAVE_SYS_STAT_H 1
#define HAVE_STDLIB_H 1
#define HAVE_STRING_H 1
#define HAVE_MEMORY_H 1
#define HAVE_STRINGS_H 1
#define HAVE_INTTYPES_H 1
#define HAVE_STDINT_H 1
#define HAVE_UNISTD_H 1
#define HAVE_DLFCN_H 1
#define LT_OBJDIR ".libs/"
#define NO_STRLCPY 1
#define NO_STRLCAT 1
#define NO_REALLOCARRAY 1
#define NO_TIMINGSAFE_BCMP 1
#define NO_TIMINGSAFE_MEMCMP 1
#define NO_ARC4RANDOM_BUF 1
#define NO_GETENTROPY 1
#define NO_ISSETUGID 1
#define NO_STRTONUM 1
#define NO_EXPLICIT_BZERO 1
#define HAVE_VA_COPY 1
#define HAVE___VA_COPY 1
#define HAVE_GETAUXVAL 1
#define HAVE_SYS_SYSCTL_H 1
#define HAVE_ERR_H 1

configure: exit 0
